<?xml version="1.0" encoding="UTF-8"?>
<testsuite xmlns:xsi="http://www.w3.org/2001/XMLSchema-instance" xsi:noNamespaceSchemaLocation="https://maven.apache.org/surefire/maven-surefire-plugin/xsd/surefire-test-report.xsd" name="com.project.service.test.NotificationServiceTest" time="0.332" tests="2" errors="0" skipped="0" failures="0">
  <properties>
[...]
</properties>
  <testcase name="notifyTest_UserNotFound" classname="com.project.service.test.NotificationServiceTest" time="0.008"/>
  <testcase name="notifyTest_Success" classname="com.project.service.test.NotificationServiceTest" time="0.002"/>
</testsuite>